<?xml version="1.0" encoding="UTF-8"?>
<!-- Generated by org.testng.reporters.JUnitReportReporter -->
<testsuite hostname="SAI" failures="0" tests="2" name="Login_Test.Login_Tests" time="5.648" errors="0" timestamp="2025-08-16T11:06:59 IST" skipped="0">
  <testcase classname="Login_Test.Login_Tests" name="Start" time="3.888"/>
  <testcase classname="Login_Test.Login_Tests" name="validation" time="1.760"/>
</testsuite> <!-- Login_Test.Login_Tests -->
