<?xml version="1.0" encoding="UTF-8"?>
<!-- Generated by org.testng.reporters.JUnitReportReporter -->
<testsuite hostname="SAI" failures="0" tests="2" name="Login_Test.Login_Tests" time="5.430" errors="0" timestamp="2025-08-12T16:24:53 IST" skipped="0">
  <testcase classname="Login_Test.Login_Tests" name="Start" time="3.434"/>
  <testcase classname="Login_Test.Login_Tests" name="validation" time="1.996"/>
</testsuite> <!-- Login_Test.Login_Tests -->
