<?xml version="1.0" encoding="UTF-8"?>
<!-- Generated by org.testng.reporters.JUnitReportReporter -->
<testsuite hostname="SAI" failures="0" tests="2" name="Login_Test.Login_Tests" time="5.462" errors="0" timestamp="2025-08-16T10:33:12 IST" skipped="0">
  <testcase classname="Login_Test.Login_Tests" name="Start" time="3.877"/>
  <testcase classname="Login_Test.Login_Tests" name="validation" time="1.585"/>
</testsuite> <!-- Login_Test.Login_Tests -->
